2019-07-26 15:33:06.174  INFO 6424 --- [restartedMain] com.ryan.hello.HelloApplication          : Starting HelloApplication on SC-201810271814 with PID 6424 (E:\IdeaDemo\target\classes started by Administrator in E:\IdeaDemo)
2019-07-26 15:33:06.185  INFO 6424 --- [restartedMain] com.ryan.hello.HelloApplication          : No active profile set, falling back to default profiles: default
2019-07-26 15:33:06.227  INFO 6424 --- [restartedMain] .e.DevToolsPropertyDefaultsPostProcessor : Devtools property defaults active! Set 'spring.devtools.add-properties' to 'false' to disable
2019-07-26 15:33:06.228  INFO 6424 --- [restartedMain] .e.DevToolsPropertyDefaultsPostProcessor : For additional web related logging consider setting the 'logging.level.web' property to 'DEBUG'
2019-07-26 15:33:07.706  INFO 6424 --- [restartedMain] o.s.b.w.embedded.tomcat.TomcatWebServer  : Tomcat initialized with port(s): 8081 (http)
2019-07-26 15:33:07.731  INFO 6424 --- [restartedMain] o.apache.catalina.core.StandardService   : Starting service [Tomcat]
2019-07-26 15:33:07.731  INFO 6424 --- [restartedMain] org.apache.catalina.core.StandardEngine  : Starting Servlet engine: [Apache Tomcat/9.0.19]
2019-07-26 15:33:07.856  INFO 6424 --- [restartedMain] o.a.c.c.C.[Tomcat].[localhost].[/]       : Initializing Spring embedded WebApplicationContext
2019-07-26 15:33:07.857  INFO 6424 --- [restartedMain] o.s.web.context.ContextLoader            : Root WebApplicationContext: initialization completed in 1629 ms
2019-07-26 15:33:08.533  INFO 6424 --- [restartedMain] o.s.s.concurrent.ThreadPoolTaskExecutor  : Initializing ExecutorService 'applicationTaskExecutor'
2019-07-26 15:33:08.667  WARN 6424 --- [restartedMain] org.thymeleaf.templatemode.TemplateMode  : [THYMELEAF][restartedMain] Template Mode 'LEGACYHTML5' is deprecated. Using Template Mode 'HTML' instead.
2019-07-26 15:33:08.697  INFO 6424 --- [restartedMain] o.s.b.a.w.s.WelcomePageHandlerMapping    : Adding welcome page template: index
2019-07-26 15:33:08.780  INFO 6424 --- [restartedMain] o.f.c.internal.license.VersionPrinter    : Flyway Community Edition 5.2.4 by Boxfuse
2019-07-26 15:33:08.788  INFO 6424 --- [restartedMain] com.zaxxer.hikari.HikariDataSource       : HikariPool-1 - Starting...
2019-07-26 15:33:08.993  INFO 6424 --- [restartedMain] com.zaxxer.hikari.HikariDataSource       : HikariPool-1 - Start completed.
2019-07-26 15:33:08.998  INFO 6424 --- [restartedMain] o.f.c.internal.database.DatabaseFactory  : Database: jdbc:h2:~/hello (H2 1.4)
2019-07-26 15:33:09.026  WARN 6424 --- [restartedMain] o.f.c.internal.database.base.Database    : Flyway upgrade recommended: H2 1.4.199 is newer than this version of Flyway and support has not been tested.
2019-07-26 15:33:09.092  WARN 6424 --- [restartedMain] ConfigServletWebServerApplicationContext : Exception encountered during context initialization - cancelling refresh attempt: org.springframework.beans.factory.BeanCreationException: Error creating bean with name 'flywayInitializer' defined in class path resource [org/springframework/boot/autoconfigure/flyway/FlywayAutoConfiguration$FlywayConfiguration.class]: Invocation of init method failed; nested exception is org.flywaydb.core.api.FlywayException: Validate failed: Detected failed migration to version 12 (Change id column type)
2019-07-26 15:33:09.092  INFO 6424 --- [restartedMain] o.s.s.concurrent.ThreadPoolTaskExecutor  : Shutting down ExecutorService 'applicationTaskExecutor'
2019-07-26 15:33:09.093  INFO 6424 --- [restartedMain] com.zaxxer.hikari.HikariDataSource       : HikariPool-1 - Shutdown initiated...
2019-07-26 15:33:09.299  INFO 6424 --- [restartedMain] com.zaxxer.hikari.HikariDataSource       : HikariPool-1 - Shutdown completed.
2019-07-26 15:33:09.303  INFO 6424 --- [restartedMain] o.apache.catalina.core.StandardService   : Stopping service [Tomcat]
2019-07-26 15:33:09.313  INFO 6424 --- [restartedMain] ConditionEvaluationReportLoggingListener : 

Error starting ApplicationContext. To display the conditions report re-run your application with 'debug' enabled.
2019-07-26 15:33:09.318 ERROR 6424 --- [restartedMain] o.s.boot.SpringApplication               : Application run failed

org.springframework.beans.factory.BeanCreationException: Error creating bean with name 'flywayInitializer' defined in class path resource [org/springframework/boot/autoconfigure/flyway/FlywayAutoConfiguration$FlywayConfiguration.class]: Invocation of init method failed; nested exception is org.flywaydb.core.api.FlywayException: Validate failed: Detected failed migration to version 12 (Change id column type)
	at org.springframework.beans.factory.support.AbstractAutowireCapableBeanFactory.initializeBean(AbstractAutowireCapableBeanFactory.java:1778) ~[spring-beans-5.1.7.RELEASE.jar:5.1.7.RELEASE]
	at org.springframework.beans.factory.support.AbstractAutowireCapableBeanFactory.doCreateBean(AbstractAutowireCapableBeanFactory.java:593) ~[spring-beans-5.1.7.RELEASE.jar:5.1.7.RELEASE]
	at org.springframework.beans.factory.support.AbstractAutowireCapableBeanFactory.createBean(AbstractAutowireCapableBeanFactory.java:515) ~[spring-beans-5.1.7.RELEASE.jar:5.1.7.RELEASE]
	at org.springframework.beans.factory.support.AbstractBeanFactory.lambda$doGetBean$0(AbstractBeanFactory.java:320) ~[spring-beans-5.1.7.RELEASE.jar:5.1.7.RELEASE]
	at org.springframework.beans.factory.support.DefaultSingletonBeanRegistry.getSingleton(DefaultSingletonBeanRegistry.java:222) ~[spring-beans-5.1.7.RELEASE.jar:5.1.7.RELEASE]
	at org.springframework.beans.factory.support.AbstractBeanFactory.doGetBean(AbstractBeanFactory.java:318) ~[spring-beans-5.1.7.RELEASE.jar:5.1.7.RELEASE]
	at org.springframework.beans.factory.support.AbstractBeanFactory.getBean(AbstractBeanFactory.java:199) ~[spring-beans-5.1.7.RELEASE.jar:5.1.7.RELEASE]
	at org.springframework.beans.factory.support.AbstractBeanFactory.doGetBean(AbstractBeanFactory.java:307) ~[spring-beans-5.1.7.RELEASE.jar:5.1.7.RELEASE]
	at org.springframework.beans.factory.support.AbstractBeanFactory.getBean(AbstractBeanFactory.java:199) ~[spring-beans-5.1.7.RELEASE.jar:5.1.7.RELEASE]
	at org.springframework.beans.factory.support.DefaultListableBeanFactory.preInstantiateSingletons(DefaultListableBeanFactory.java:843) ~[spring-beans-5.1.7.RELEASE.jar:5.1.7.RELEASE]
	at org.springframework.context.support.AbstractApplicationContext.finishBeanFactoryInitialization(AbstractApplicationContext.java:877) ~[spring-context-5.1.7.RELEASE.jar:5.1.7.RELEASE]
	at org.springframework.context.support.AbstractApplicationContext.refresh(AbstractApplicationContext.java:549) ~[spring-context-5.1.7.RELEASE.jar:5.1.7.RELEASE]
	at org.springframework.boot.web.servlet.context.ServletWebServerApplicationContext.refresh(ServletWebServerApplicationContext.java:142) ~[spring-boot-2.1.5.RELEASE.jar:2.1.5.RELEASE]
	at org.springframework.boot.SpringApplication.refresh(SpringApplication.java:775) [spring-boot-2.1.5.RELEASE.jar:2.1.5.RELEASE]
	at org.springframework.boot.SpringApplication.refreshContext(SpringApplication.java:397) [spring-boot-2.1.5.RELEASE.jar:2.1.5.RELEASE]
	at org.springframework.boot.SpringApplication.run(SpringApplication.java:316) [spring-boot-2.1.5.RELEASE.jar:2.1.5.RELEASE]
	at org.springframework.boot.SpringApplication.run(SpringApplication.java:1260) [spring-boot-2.1.5.RELEASE.jar:2.1.5.RELEASE]
	at org.springframework.boot.SpringApplication.run(SpringApplication.java:1248) [spring-boot-2.1.5.RELEASE.jar:2.1.5.RELEASE]
	at com.ryan.hello.HelloApplication.main(HelloApplication.java:12) [classes/:na]
	at sun.reflect.NativeMethodAccessorImpl.invoke0(Native Method) ~[na:1.8.0_211]
	at sun.reflect.NativeMethodAccessorImpl.invoke(NativeMethodAccessorImpl.java:62) ~[na:1.8.0_211]
	at sun.reflect.DelegatingMethodAccessorImpl.invoke(DelegatingMethodAccessorImpl.java:43) ~[na:1.8.0_211]
	at java.lang.reflect.Method.invoke(Method.java:498) ~[na:1.8.0_211]
	at org.springframework.boot.devtools.restart.RestartLauncher.run(RestartLauncher.java:49) [spring-boot-devtools-2.1.5.RELEASE.jar:2.1.5.RELEASE]
Caused by: org.flywaydb.core.api.FlywayException: Validate failed: Detected failed migration to version 12 (Change id column type)
	at org.flywaydb.core.Flyway.doValidate(Flyway.java:1482) ~[flyway-core-5.2.4.jar:na]
	at org.flywaydb.core.Flyway.access$100(Flyway.java:85) ~[flyway-core-5.2.4.jar:na]
	at org.flywaydb.core.Flyway$1.execute(Flyway.java:1364) ~[flyway-core-5.2.4.jar:na]
	at org.flywaydb.core.Flyway$1.execute(Flyway.java:1356) ~[flyway-core-5.2.4.jar:na]
	at org.flywaydb.core.Flyway.execute(Flyway.java:1711) ~[flyway-core-5.2.4.jar:na]
	at org.flywaydb.core.Flyway.migrate(Flyway.java:1356) ~[flyway-core-5.2.4.jar:na]
	at org.springframework.boot.autoconfigure.flyway.FlywayMigrationInitializer.afterPropertiesSet(FlywayMigrationInitializer.java:66) ~[spring-boot-autoconfigure-2.1.5.RELEASE.jar:2.1.5.RELEASE]
	at org.springframework.beans.factory.support.AbstractAutowireCapableBeanFactory.invokeInitMethods(AbstractAutowireCapableBeanFactory.java:1837) ~[spring-beans-5.1.7.RELEASE.jar:5.1.7.RELEASE]
	at org.springframework.beans.factory.support.AbstractAutowireCapableBeanFactory.initializeBean(AbstractAutowireCapableBeanFactory.java:1774) ~[spring-beans-5.1.7.RELEASE.jar:5.1.7.RELEASE]
	... 23 common frames omitted

2019-07-26 15:35:07.757  INFO 17080 --- [restartedMain] com.ryan.hello.HelloApplication          : Starting HelloApplication on SC-201810271814 with PID 17080 (E:\IdeaDemo\target\classes started by Administrator in E:\IdeaDemo)
2019-07-26 15:35:07.760  INFO 17080 --- [restartedMain] com.ryan.hello.HelloApplication          : No active profile set, falling back to default profiles: default
2019-07-26 15:35:07.818  INFO 17080 --- [restartedMain] .e.DevToolsPropertyDefaultsPostProcessor : Devtools property defaults active! Set 'spring.devtools.add-properties' to 'false' to disable
2019-07-26 15:35:07.818  INFO 17080 --- [restartedMain] .e.DevToolsPropertyDefaultsPostProcessor : For additional web related logging consider setting the 'logging.level.web' property to 'DEBUG'
2019-07-26 15:35:09.529  INFO 17080 --- [restartedMain] o.s.b.w.embedded.tomcat.TomcatWebServer  : Tomcat initialized with port(s): 8081 (http)
2019-07-26 15:35:09.556  INFO 17080 --- [restartedMain] o.apache.catalina.core.StandardService   : Starting service [Tomcat]
2019-07-26 15:35:09.556  INFO 17080 --- [restartedMain] org.apache.catalina.core.StandardEngine  : Starting Servlet engine: [Apache Tomcat/9.0.19]
2019-07-26 15:35:09.677  INFO 17080 --- [restartedMain] o.a.c.c.C.[Tomcat].[localhost].[/]       : Initializing Spring embedded WebApplicationContext
2019-07-26 15:35:09.678  INFO 17080 --- [restartedMain] o.s.web.context.ContextLoader            : Root WebApplicationContext: initialization completed in 1860 ms
2019-07-26 15:35:10.342  INFO 17080 --- [restartedMain] o.s.s.concurrent.ThreadPoolTaskExecutor  : Initializing ExecutorService 'applicationTaskExecutor'
2019-07-26 15:35:10.468  WARN 17080 --- [restartedMain] org.thymeleaf.templatemode.TemplateMode  : [THYMELEAF][restartedMain] Template Mode 'LEGACYHTML5' is deprecated. Using Template Mode 'HTML' instead.
2019-07-26 15:35:10.498  INFO 17080 --- [restartedMain] o.s.b.a.w.s.WelcomePageHandlerMapping    : Adding welcome page template: index
2019-07-26 15:35:10.570  INFO 17080 --- [restartedMain] o.f.c.internal.license.VersionPrinter    : Flyway Community Edition 5.2.4 by Boxfuse
2019-07-26 15:35:10.577  INFO 17080 --- [restartedMain] com.zaxxer.hikari.HikariDataSource       : HikariPool-1 - Starting...
2019-07-26 15:35:10.779  INFO 17080 --- [restartedMain] com.zaxxer.hikari.HikariDataSource       : HikariPool-1 - Start completed.
2019-07-26 15:35:10.784  INFO 17080 --- [restartedMain] o.f.c.internal.database.DatabaseFactory  : Database: jdbc:h2:~/hello (H2 1.4)
2019-07-26 15:35:10.812  WARN 17080 --- [restartedMain] o.f.c.internal.database.base.Database    : Flyway upgrade recommended: H2 1.4.199 is newer than this version of Flyway and support has not been tested.
2019-07-26 15:35:10.873  INFO 17080 --- [restartedMain] o.f.core.internal.command.DbValidate     : Successfully validated 12 migrations (execution time 00:00.029s)
2019-07-26 15:35:10.890  INFO 17080 --- [restartedMain] o.f.core.internal.command.DbMigrate      : Current version of schema "PUBLIC": 12
2019-07-26 15:35:10.890  WARN 17080 --- [restartedMain] o.f.core.internal.command.DbMigrate      : Schema "PUBLIC" has a version (12) that is newer than the latest available migration (11) !
2019-07-26 15:35:10.890  WARN 17080 --- [restartedMain] o.f.core.internal.command.DbMigrate      : Schema "PUBLIC" contains a failed future migration to version 12 !
2019-07-26 15:35:10.891  INFO 17080 --- [restartedMain] o.f.core.internal.command.DbMigrate      : Schema "PUBLIC" is up to date. No migration necessary.
2019-07-26 15:35:11.103  INFO 17080 --- [restartedMain] o.s.b.d.a.OptionalLiveReloadServer       : LiveReload server is running on port 35729
2019-07-26 15:35:11.176  INFO 17080 --- [restartedMain] o.s.b.w.embedded.tomcat.TomcatWebServer  : Tomcat started on port(s): 8081 (http) with context path ''
2019-07-26 15:35:11.180  INFO 17080 --- [restartedMain] com.ryan.hello.HelloApplication          : Started HelloApplication in 3.796 seconds (JVM running for 4.356)
2019-07-26 15:35:17.957  INFO 17080 --- [http-nio-8081-exec-1] o.a.c.c.C.[Tomcat].[localhost].[/]       : Initializing Spring DispatcherServlet 'dispatcherServlet'
2019-07-26 15:35:17.957  INFO 17080 --- [http-nio-8081-exec-1] o.s.web.servlet.DispatcherServlet        : Initializing Servlet 'dispatcherServlet'
2019-07-26 15:35:17.966  INFO 17080 --- [http-nio-8081-exec-1] o.s.web.servlet.DispatcherServlet        : Completed initialization in 8 ms
2019-07-26 16:08:31.280  INFO 18748 --- [restartedMain] com.ryan.hello.HelloApplication          : Starting HelloApplication on SC-201810271814 with PID 18748 (E:\IdeaDemo\target\classes started by Administrator in E:\IdeaDemo)
2019-07-26 16:08:31.284  INFO 18748 --- [restartedMain] com.ryan.hello.HelloApplication          : No active profile set, falling back to default profiles: default
2019-07-26 16:08:31.335  INFO 18748 --- [restartedMain] .e.DevToolsPropertyDefaultsPostProcessor : Devtools property defaults active! Set 'spring.devtools.add-properties' to 'false' to disable
2019-07-26 16:08:31.336  INFO 18748 --- [restartedMain] .e.DevToolsPropertyDefaultsPostProcessor : For additional web related logging consider setting the 'logging.level.web' property to 'DEBUG'
2019-07-26 16:08:32.992  INFO 18748 --- [restartedMain] o.s.b.w.embedded.tomcat.TomcatWebServer  : Tomcat initialized with port(s): 8081 (http)
2019-07-26 16:08:33.020  INFO 18748 --- [restartedMain] o.apache.catalina.core.StandardService   : Starting service [Tomcat]
2019-07-26 16:08:33.020  INFO 18748 --- [restartedMain] org.apache.catalina.core.StandardEngine  : Starting Servlet engine: [Apache Tomcat/9.0.19]
2019-07-26 16:08:33.158  INFO 18748 --- [restartedMain] o.a.c.c.C.[Tomcat].[localhost].[/]       : Initializing Spring embedded WebApplicationContext
2019-07-26 16:08:33.158  INFO 18748 --- [restartedMain] o.s.web.context.ContextLoader            : Root WebApplicationContext: initialization completed in 1822 ms
2019-07-26 16:08:33.776  INFO 18748 --- [restartedMain] o.s.s.concurrent.ThreadPoolTaskExecutor  : Initializing ExecutorService 'applicationTaskExecutor'
2019-07-26 16:08:33.892  WARN 18748 --- [restartedMain] org.thymeleaf.templatemode.TemplateMode  : [THYMELEAF][restartedMain] Template Mode 'LEGACYHTML5' is deprecated. Using Template Mode 'HTML' instead.
2019-07-26 16:08:33.919  INFO 18748 --- [restartedMain] o.s.b.a.w.s.WelcomePageHandlerMapping    : Adding welcome page template: index
2019-07-26 16:08:33.994  INFO 18748 --- [restartedMain] o.f.c.internal.license.VersionPrinter    : Flyway Community Edition 5.2.4 by Boxfuse
2019-07-26 16:08:34.001  INFO 18748 --- [restartedMain] com.zaxxer.hikari.HikariDataSource       : HikariPool-1 - Starting...
2019-07-26 16:08:34.209  INFO 18748 --- [restartedMain] com.zaxxer.hikari.HikariDataSource       : HikariPool-1 - Start completed.
2019-07-26 16:08:34.214  INFO 18748 --- [restartedMain] o.f.c.internal.database.DatabaseFactory  : Database: jdbc:h2:~/hello (H2 1.4)
2019-07-26 16:08:34.243  WARN 18748 --- [restartedMain] o.f.c.internal.database.base.Database    : Flyway upgrade recommended: H2 1.4.199 is newer than this version of Flyway and support has not been tested.
2019-07-26 16:08:34.300  INFO 18748 --- [restartedMain] o.f.core.internal.command.DbValidate     : Successfully validated 12 migrations (execution time 00:00.026s)
2019-07-26 16:08:34.315  INFO 18748 --- [restartedMain] o.f.core.internal.command.DbMigrate      : Current version of schema "PUBLIC": 12
2019-07-26 16:08:34.315  WARN 18748 --- [restartedMain] o.f.core.internal.command.DbMigrate      : Schema "PUBLIC" has a version (12) that is newer than the latest available migration (11) !
2019-07-26 16:08:34.315  WARN 18748 --- [restartedMain] o.f.core.internal.command.DbMigrate      : Schema "PUBLIC" contains a failed future migration to version 12 !
2019-07-26 16:08:34.316  INFO 18748 --- [restartedMain] o.f.core.internal.command.DbMigrate      : Schema "PUBLIC" is up to date. No migration necessary.
2019-07-26 16:08:34.491  INFO 18748 --- [restartedMain] o.s.b.d.a.OptionalLiveReloadServer       : LiveReload server is running on port 35729
2019-07-26 16:08:34.565  INFO 18748 --- [restartedMain] o.s.b.w.embedded.tomcat.TomcatWebServer  : Tomcat started on port(s): 8081 (http) with context path ''
2019-07-26 16:08:34.569  INFO 18748 --- [restartedMain] com.ryan.hello.HelloApplication          : Started HelloApplication in 3.684 seconds (JVM running for 4.216)
2019-07-26 16:08:43.496  INFO 18748 --- [http-nio-8081-exec-1] o.a.c.c.C.[Tomcat].[localhost].[/]       : Initializing Spring DispatcherServlet 'dispatcherServlet'
2019-07-26 16:08:43.496  INFO 18748 --- [http-nio-8081-exec-1] o.s.web.servlet.DispatcherServlet        : Initializing Servlet 'dispatcherServlet'
2019-07-26 16:08:43.503  INFO 18748 --- [http-nio-8081-exec-1] o.s.web.servlet.DispatcherServlet        : Completed initialization in 7 ms
